<?xml version="1.0" encoding="UTF-8"?>
<!-- Generated by org.testng.reporters.JUnitReportReporter -->
<testsuite skipped="0" hostname="LAPTOP-LOSRDVS6" name="com.actitime.tests.Logout" tests="1" failures="0" timestamp="02 Dec 2018 08:11:40 GMT" time="8.983" errors="0">
  <testcase name="tesrvalidlogin" time="8.983" classname="com.actitime.tests.Logout"/>
</testsuite> <!-- com.actitime.tests.Logout -->
